<?xml version="1.0" encoding="UTF-8"?>
<testsuite name="test.java.AlgoTest" tests="5" skipped="0" failures="0" errors="0" timestamp="2018-10-22T06:08:00" hostname="LAPTOP-PTE05L6S" time="0.013">
  <properties/>
  <testcase name="bubbleSortDescendingArrayTest" classname="test.java.AlgoTest" time="0.008"/>
  <testcase name="bubbleSortSingledata" classname="test.java.AlgoTest" time="0.003"/>
  <testcase name="bubbleNullPointerExceptionTest" classname="test.java.AlgoTest" time="0.0"/>
  <testcase name="bubbleSortUnsortedArrayTest" classname="test.java.AlgoTest" time="0.0"/>
  <testcase name="bubbleSortSortedArrayTest" classname="test.java.AlgoTest" time="0.0"/>
  <system-out><![CDATA[]]></system-out>
  <system-err><![CDATA[]]></system-err>
</testsuite>
